creating resource group: ammmia-1619984878
{
  "id": "/subscriptions/886b84e6-68e5-4a4d-8230-61235c4a2087/resourceGroups/ammmia-1619984878",
  "location": "westeurope",
  "managedBy": null,
  "name": "ammmia-1619984878",
  "properties": {
    "provisioningState": "Succeeded"
  },
  "tags": null,
  "type": "Microsoft.Resources/resourceGroups"
}
creating container registry: ammmiaacr1619984878
{
  "adminUserEnabled": true,
  "creationDate": "2021-05-02T19:48:04.432531+00:00",
  "dataEndpointEnabled": false,
  "dataEndpointHostNames": [],
  "encryption": {
    "keyVaultProperties": null,
    "status": "disabled"
  },
  "id": "/subscriptions/886b84e6-68e5-4a4d-8230-61235c4a2087/resourceGroups/ammmia-1619984878/providers/Microsoft.ContainerRegistry/registries/ammmiaacr1619984878",
  "identity": null,
  "location": "westeurope",
  "loginServer": "ammmiaacr1619984878.azurecr.io",
  "name": "ammmiaacr1619984878",
  "networkRuleBypassOptions": "AzureServices",
  "networkRuleSet": null,
  "policies": {
    "quarantinePolicy": {
      "status": "disabled"
    },
    "retentionPolicy": {
      "days": 7,
      "lastUpdatedTime": "2021-05-02T19:48:09.282299+00:00",
      "status": "disabled"
    },
    "trustPolicy": {
      "status": "disabled",
      "type": "Notary"
    }
  },
  "privateEndpointConnections": [],
  "provisioningState": "Succeeded",
  "publicNetworkAccess": "Enabled",
  "resourceGroup": "ammmia-1619984878",
  "sku": {
    "name": "Basic",
    "tier": "Basic"
  },
  "status": null,
  "storageAccount": null,
  "systemData": {
    "createdAt": "2021-05-02T19:48:04.432531+00:00",
    "createdBy": "bartvagh@microsoft.com",
    "createdByType": "User",
    "lastModifiedAt": "2021-05-02T19:48:04.432531+00:00",
    "lastModifiedBy": "bartvagh@microsoft.com",
    "lastModifiedByType": "User"
  },
  "tags": {},
  "type": "Microsoft.ContainerRegistry/registries",
  "zoneRedundancy": "Disabled"
}
logging in container registry: ammmiaacr1619984878
Login Succeeded
getting login info for container registry: ammmiaacr1619984878
~/depot/github/ammmia/src/apps/funcs ~/depot/github/ammmia/src/deploy
~/depot/github/ammmia/src/apps/funcs/send-handler ~/depot/github/ammmia/src/apps/funcs ~/depot/github/ammmia/src/deploy
~/depot/github/ammmia/src/apps/funcs ~/depot/github/ammmia/src/deploy
~/depot/github/ammmia/src/apps/funcs/dispatch-handler ~/depot/github/ammmia/src/apps/funcs ~/depot/github/ammmia/src/deploy
~/depot/github/ammmia/src/apps/funcs ~/depot/github/ammmia/src/deploy

Use 'docker scan' to run Snyk tests against images to find vulnerabilities and learn how to fix them
~/depot/github/ammmia/src/deploy
tagging container image ammmia-funcs:v1.0 with: ammmiaacr1619984878.azurecr.io/ammmia-funcs:v1.0
pushing container image ammmiaacr1619984878.azurecr.io/ammmia-funcs:v1.0 to ammmiaacr1619984878
creating service bus namespace: ammmia-sbns-1619984878
{
  "createdAt": "2021-05-02T19:49:19.047000+00:00",
  "id": "/subscriptions/886b84e6-68e5-4a4d-8230-61235c4a2087/resourceGroups/ammmia-1619984878/providers/Microsoft.ServiceBus/namespaces/ammmia-sbns-1619984878",
  "location": "West Europe",
  "metricId": "886b84e6-68e5-4a4d-8230-61235c4a2087:ammmia-sbns-1619984878",
  "name": "ammmia-sbns-1619984878",
  "provisioningState": "Succeeded",
  "resourceGroup": "ammmia-1619984878",
  "serviceBusEndpoint": "https://ammmia-sbns-1619984878.servicebus.windows.net:443/",
  "sku": {
    "capacity": null,
    "name": "Standard",
    "tier": "Standard"
  },
  "tags": {},
  "type": "Microsoft.ServiceBus/Namespaces",
  "updatedAt": "2021-05-02T19:50:03.813000+00:00"
}
creating service bus topic: send-topic-1619984878
{
  "accessedAt": "0001-01-01T00:00:00",
  "autoDeleteOnIdle": "10675199 days, 2:48:05.477581",
  "countDetails": {
    "activeMessageCount": 0,
    "deadLetterMessageCount": 0,
    "scheduledMessageCount": 0,
    "transferDeadLetterMessageCount": 0,
    "transferMessageCount": 0
  },
  "createdAt": "2021-05-02T19:50:29.733000+00:00",
  "defaultMessageTimeToLive": "10675199 days, 2:48:05.477581",
  "duplicateDetectionHistoryTimeWindow": "0:10:00",
  "enableBatchedOperations": true,
  "enableExpress": false,
  "enablePartitioning": false,
  "id": "/subscriptions/886b84e6-68e5-4a4d-8230-61235c4a2087/resourceGroups/ammmia-1619984878/providers/Microsoft.ServiceBus/namespaces/ammmia-sbns-1619984878/topics/send-topic-1619984878",
  "location": "West Europe",
  "maxSizeInMegabytes": 1024,
  "name": "send-topic-1619984878",
  "requiresDuplicateDetection": false,
  "resourceGroup": "ammmia-1619984878",
  "sizeInBytes": 0,
  "status": "Active",
  "subscriptionCount": 0,
  "supportOrdering": true,
  "type": "Microsoft.ServiceBus/Namespaces/Topics",
  "updatedAt": "2021-05-02T19:50:29.763000+00:00"
}
creating service bus topic: dispach-topic-1619984878
{
  "accessedAt": "0001-01-01T00:00:00",
  "autoDeleteOnIdle": "10675199 days, 2:48:05.477581",
  "countDetails": {
    "activeMessageCount": 0,
    "deadLetterMessageCount": 0,
    "scheduledMessageCount": 0,
    "transferDeadLetterMessageCount": 0,
    "transferMessageCount": 0
  },
  "createdAt": "2021-05-02T19:50:33.443000+00:00",
  "defaultMessageTimeToLive": "10675199 days, 2:48:05.477581",
  "duplicateDetectionHistoryTimeWindow": "0:10:00",
  "enableBatchedOperations": true,
  "enableExpress": false,
  "enablePartitioning": false,
  "id": "/subscriptions/886b84e6-68e5-4a4d-8230-61235c4a2087/resourceGroups/ammmia-1619984878/providers/Microsoft.ServiceBus/namespaces/ammmia-sbns-1619984878/topics/dispach-topic-1619984878",
  "location": "West Europe",
  "maxSizeInMegabytes": 1024,
  "name": "dispach-topic-1619984878",
  "requiresDuplicateDetection": false,
  "resourceGroup": "ammmia-1619984878",
  "sizeInBytes": 0,
  "status": "Active",
  "subscriptionCount": 0,
  "supportOrdering": true,
  "type": "Microsoft.ServiceBus/Namespaces/Topics",
  "updatedAt": "2021-05-02T19:50:33.480000+00:00"
}
creating service bus topic: receive-topic-1619984878
{
  "accessedAt": "0001-01-01T00:00:00",
  "autoDeleteOnIdle": "10675199 days, 2:48:05.477581",
  "countDetails": {
    "activeMessageCount": 0,
    "deadLetterMessageCount": 0,
    "scheduledMessageCount": 0,
    "transferDeadLetterMessageCount": 0,
    "transferMessageCount": 0
  },
  "createdAt": "2021-05-02T19:50:38.557000+00:00",
  "defaultMessageTimeToLive": "10675199 days, 2:48:05.477581",
  "duplicateDetectionHistoryTimeWindow": "0:10:00",
  "enableBatchedOperations": true,
  "enableExpress": false,
  "enablePartitioning": false,
  "id": "/subscriptions/886b84e6-68e5-4a4d-8230-61235c4a2087/resourceGroups/ammmia-1619984878/providers/Microsoft.ServiceBus/namespaces/ammmia-sbns-1619984878/topics/receive-topic-1619984878",
  "location": "West Europe",
  "maxSizeInMegabytes": 1024,
  "name": "receive-topic-1619984878",
  "requiresDuplicateDetection": false,
  "resourceGroup": "ammmia-1619984878",
  "sizeInBytes": 0,
  "status": "Active",
  "subscriptionCount": 0,
  "supportOrdering": true,
  "type": "Microsoft.ServiceBus/Namespaces/Topics",
  "updatedAt": "2021-05-02T19:50:38.630000+00:00"
}
creating service bus topic: process-topic-1619984878
{
  "accessedAt": "0001-01-01T00:00:00",
  "autoDeleteOnIdle": "10675199 days, 2:48:05.477581",
  "countDetails": {
    "activeMessageCount": 0,
    "deadLetterMessageCount": 0,
    "scheduledMessageCount": 0,
    "transferDeadLetterMessageCount": 0,
    "transferMessageCount": 0
  },
  "createdAt": "2021-05-02T19:50:43.040000+00:00",
  "defaultMessageTimeToLive": "10675199 days, 2:48:05.477581",
  "duplicateDetectionHistoryTimeWindow": "0:10:00",
  "enableBatchedOperations": true,
  "enableExpress": false,
  "enablePartitioning": false,
  "id": "/subscriptions/886b84e6-68e5-4a4d-8230-61235c4a2087/resourceGroups/ammmia-1619984878/providers/Microsoft.ServiceBus/namespaces/ammmia-sbns-1619984878/topics/process-topic-1619984878",
  "location": "West Europe",
  "maxSizeInMegabytes": 1024,
  "name": "process-topic-1619984878",
  "requiresDuplicateDetection": false,
  "resourceGroup": "ammmia-1619984878",
  "sizeInBytes": 0,
  "status": "Active",
  "subscriptionCount": 0,
  "supportOrdering": true,
  "type": "Microsoft.ServiceBus/Namespaces/Topics",
  "updatedAt": "2021-05-02T19:50:43.110000+00:00"
}
creating service bus topic: transform-topic-1619984878
{
  "accessedAt": "0001-01-01T00:00:00",
  "autoDeleteOnIdle": "10675199 days, 2:48:05.477581",
  "countDetails": {
    "activeMessageCount": 0,
    "deadLetterMessageCount": 0,
    "scheduledMessageCount": 0,
    "transferDeadLetterMessageCount": 0,
    "transferMessageCount": 0
  },
  "createdAt": "2021-05-02T19:50:47.627000+00:00",
  "defaultMessageTimeToLive": "10675199 days, 2:48:05.477581",
  "duplicateDetectionHistoryTimeWindow": "0:10:00",
  "enableBatchedOperations": true,
  "enableExpress": false,
  "enablePartitioning": false,
  "id": "/subscriptions/886b84e6-68e5-4a4d-8230-61235c4a2087/resourceGroups/ammmia-1619984878/providers/Microsoft.ServiceBus/namespaces/ammmia-sbns-1619984878/topics/transform-topic-1619984878",
  "location": "West Europe",
  "maxSizeInMegabytes": 1024,
  "name": "transform-topic-1619984878",
  "requiresDuplicateDetection": false,
  "resourceGroup": "ammmia-1619984878",
  "sizeInBytes": 0,
  "status": "Active",
  "subscriptionCount": 0,
  "supportOrdering": true,
  "type": "Microsoft.ServiceBus/Namespaces/Topics",
  "updatedAt": "2021-05-02T19:50:47.660000+00:00"
}
retrieving connection string for service bus: ammmia-sbns-1619984878
creating topic subscription: send-topic-1619984878
{
  "accessedAt": "0001-01-01T00:00:00",
  "autoDeleteOnIdle": "0:10:00",
  "countDetails": {
    "activeMessageCount": 0,
    "deadLetterMessageCount": 0,
    "scheduledMessageCount": 0,
    "transferDeadLetterMessageCount": 0,
    "transferMessageCount": 0
  },
  "createdAt": "2021-05-02T19:50:54.780085+00:00",
  "deadLetteringOnFilterEvaluationExceptions": true,
  "deadLetteringOnMessageExpiration": false,
  "defaultMessageTimeToLive": "0:10:00",
  "duplicateDetectionHistoryTimeWindow": null,
  "enableBatchedOperations": true,
  "forwardDeadLetteredMessagesTo": null,
  "forwardTo": null,
  "id": "/subscriptions/886b84e6-68e5-4a4d-8230-61235c4a2087/resourceGroups/ammmia-1619984878/providers/Microsoft.ServiceBus/namespaces/ammmia-sbns-1619984878/topics/send-topic-1619984878/subscriptions/send-subscription-1619984878",
  "location": "West Europe",
  "lockDuration": "0:01:00",
  "maxDeliveryCount": 10,
  "messageCount": 0,
  "name": "send-subscription-1619984878",
  "requiresSession": false,
  "resourceGroup": "ammmia-1619984878",
  "status": "Active",
  "type": "Microsoft.ServiceBus/Namespaces/Topics/Subscriptions",
  "updatedAt": "2021-05-02T19:50:54.780085+00:00"
}
creating topic subscription: dispach-topic-1619984878
{
  "accessedAt": "0001-01-01T00:00:00",
  "autoDeleteOnIdle": "0:10:00",
  "countDetails": {
    "activeMessageCount": 0,
    "deadLetterMessageCount": 0,
    "scheduledMessageCount": 0,
    "transferDeadLetterMessageCount": 0,
    "transferMessageCount": 0
  },
  "createdAt": "2021-05-02T19:50:57.863366+00:00",
  "deadLetteringOnFilterEvaluationExceptions": true,
  "deadLetteringOnMessageExpiration": false,
  "defaultMessageTimeToLive": "0:10:00",
  "duplicateDetectionHistoryTimeWindow": null,
  "enableBatchedOperations": true,
  "forwardDeadLetteredMessagesTo": null,
  "forwardTo": null,
  "id": "/subscriptions/886b84e6-68e5-4a4d-8230-61235c4a2087/resourceGroups/ammmia-1619984878/providers/Microsoft.ServiceBus/namespaces/ammmia-sbns-1619984878/topics/dispach-topic-1619984878/subscriptions/dispatch-subscription-1619984878",
  "location": "West Europe",
  "lockDuration": "0:01:00",
  "maxDeliveryCount": 10,
  "messageCount": 0,
  "name": "dispatch-subscription-1619984878",
  "requiresSession": false,
  "resourceGroup": "ammmia-1619984878",
  "status": "Active",
  "type": "Microsoft.ServiceBus/Namespaces/Topics/Subscriptions",
  "updatedAt": "2021-05-02T19:50:57.863366+00:00"
}
creating topic subscription: receive-topic-1619984878
{
  "accessedAt": "0001-01-01T00:00:00",
  "autoDeleteOnIdle": "0:10:00",
  "countDetails": {
    "activeMessageCount": 0,
    "deadLetterMessageCount": 0,
    "scheduledMessageCount": 0,
    "transferDeadLetterMessageCount": 0,
    "transferMessageCount": 0
  },
  "createdAt": "2021-05-02T19:51:01.421942+00:00",
  "deadLetteringOnFilterEvaluationExceptions": true,
  "deadLetteringOnMessageExpiration": false,
  "defaultMessageTimeToLive": "0:10:00",
  "duplicateDetectionHistoryTimeWindow": null,
  "enableBatchedOperations": true,
  "forwardDeadLetteredMessagesTo": null,
  "forwardTo": null,
  "id": "/subscriptions/886b84e6-68e5-4a4d-8230-61235c4a2087/resourceGroups/ammmia-1619984878/providers/Microsoft.ServiceBus/namespaces/ammmia-sbns-1619984878/topics/receive-topic-1619984878/subscriptions/receive-subscription-1619984878",
  "location": "West Europe",
  "lockDuration": "0:01:00",
  "maxDeliveryCount": 10,
  "messageCount": 0,
  "name": "receive-subscription-1619984878",
  "requiresSession": false,
  "resourceGroup": "ammmia-1619984878",
  "status": "Active",
  "type": "Microsoft.ServiceBus/Namespaces/Topics/Subscriptions",
  "updatedAt": "2021-05-02T19:51:01.421942+00:00"
}
creating topic subscription: process-topic-1619984878
{
  "accessedAt": "0001-01-01T00:00:00",
  "autoDeleteOnIdle": "0:10:00",
  "countDetails": {
    "activeMessageCount": 0,
    "deadLetterMessageCount": 0,
    "scheduledMessageCount": 0,
    "transferDeadLetterMessageCount": 0,
    "transferMessageCount": 0
  },
  "createdAt": "2021-05-02T19:51:04.625658+00:00",
  "deadLetteringOnFilterEvaluationExceptions": true,
  "deadLetteringOnMessageExpiration": false,
  "defaultMessageTimeToLive": "0:10:00",
  "duplicateDetectionHistoryTimeWindow": null,
  "enableBatchedOperations": true,
  "forwardDeadLetteredMessagesTo": null,
  "forwardTo": null,
  "id": "/subscriptions/886b84e6-68e5-4a4d-8230-61235c4a2087/resourceGroups/ammmia-1619984878/providers/Microsoft.ServiceBus/namespaces/ammmia-sbns-1619984878/topics/process-topic-1619984878/subscriptions/process-subscription-1619984878",
  "location": "West Europe",
  "lockDuration": "0:01:00",
  "maxDeliveryCount": 10,
  "messageCount": 0,
  "name": "process-subscription-1619984878",
  "requiresSession": false,
  "resourceGroup": "ammmia-1619984878",
  "status": "Active",
  "type": "Microsoft.ServiceBus/Namespaces/Topics/Subscriptions",
  "updatedAt": "2021-05-02T19:51:04.625658+00:00"
}
creating topic subscription: transform-topic-1619984878
{
  "accessedAt": "0001-01-01T00:00:00",
  "autoDeleteOnIdle": "0:10:00",
  "countDetails": {
    "activeMessageCount": 0,
    "deadLetterMessageCount": 0,
    "scheduledMessageCount": 0,
    "transferDeadLetterMessageCount": 0,
    "transferMessageCount": 0
  },
  "createdAt": "2021-05-02T19:51:07.757167+00:00",
  "deadLetteringOnFilterEvaluationExceptions": true,
  "deadLetteringOnMessageExpiration": false,
  "defaultMessageTimeToLive": "0:10:00",
  "duplicateDetectionHistoryTimeWindow": null,
  "enableBatchedOperations": true,
  "forwardDeadLetteredMessagesTo": null,
  "forwardTo": null,
  "id": "/subscriptions/886b84e6-68e5-4a4d-8230-61235c4a2087/resourceGroups/ammmia-1619984878/providers/Microsoft.ServiceBus/namespaces/ammmia-sbns-1619984878/topics/transform-topic-1619984878/subscriptions/transform-subscription-1619984878",
  "location": "West Europe",
  "lockDuration": "0:01:00",
  "maxDeliveryCount": 10,
  "messageCount": 0,
  "name": "transform-subscription-1619984878",
  "requiresSession": false,
  "resourceGroup": "ammmia-1619984878",
  "status": "Active",
  "type": "Microsoft.ServiceBus/Namespaces/Topics/Subscriptions",
  "updatedAt": "2021-05-02T19:51:07.757167+00:00"
}
retrieving container register credentials: ammmiaacr1619984878
creating storage account: ammmiasa1619984878
{
  "accessTier": "Hot",
  "allowBlobPublicAccess": null,
  "azureFilesIdentityBasedAuthentication": null,
  "blobRestoreStatus": null,
  "creationTime": "2021-05-02T19:51:15.389163+00:00",
  "customDomain": null,
  "enableHttpsTrafficOnly": true,
  "encryption": {
    "keySource": "Microsoft.Storage",
    "keyVaultProperties": null,
    "requireInfrastructureEncryption": null,
    "services": {
      "blob": {
        "enabled": true,
        "keyType": "Account",
        "lastEnabledTime": "2021-05-02T19:51:15.498581+00:00"
      },
      "file": {
        "enabled": true,
        "keyType": "Account",
        "lastEnabledTime": "2021-05-02T19:51:15.498581+00:00"
      },
      "queue": null,
      "table": null
    }
  },
  "failoverInProgress": null,
  "geoReplicationStats": null,
  "id": "/subscriptions/886b84e6-68e5-4a4d-8230-61235c4a2087/resourceGroups/ammmia-1619984878/providers/Microsoft.Storage/storageAccounts/ammmiasa1619984878",
  "identity": null,
  "isHnsEnabled": null,
  "kind": "StorageV2",
  "largeFileSharesState": null,
  "lastGeoFailoverTime": null,
  "location": "westeurope",
  "minimumTlsVersion": null,
  "name": "ammmiasa1619984878",
  "networkRuleSet": {
    "bypass": "AzureServices",
    "defaultAction": "Allow",
    "ipRules": [],
    "virtualNetworkRules": []
  },
  "primaryEndpoints": {
    "blob": "https://ammmiasa1619984878.blob.core.windows.net/",
    "dfs": "https://ammmiasa1619984878.dfs.core.windows.net/",
    "file": "https://ammmiasa1619984878.file.core.windows.net/",
    "internetEndpoints": null,
    "microsoftEndpoints": null,
    "queue": "https://ammmiasa1619984878.queue.core.windows.net/",
    "table": "https://ammmiasa1619984878.table.core.windows.net/",
    "web": "https://ammmiasa1619984878.z6.web.core.windows.net/"
  },
  "primaryLocation": "westeurope",
  "privateEndpointConnections": [],
  "provisioningState": "Succeeded",
  "resourceGroup": "ammmia-1619984878",
  "routingPreference": null,
  "secondaryEndpoints": null,
  "secondaryLocation": null,
  "sku": {
    "name": "Standard_LRS",
    "tier": "Standard"
  },
  "statusOfPrimary": "available",
  "statusOfSecondary": null,
  "tags": {},
  "type": "Microsoft.Storage/storageAccounts"
}
retrieving storage account connection string: ammmiasa1619984878
creating functions app plan: ammmia-fn-asp-1619984878
ammmiaacr1619984878.azurecr.io/ammmia-funcs:v1.0
{
  "freeOfferExpirationTime": null,
  "geoRegion": "West Europe",
  "hostingEnvironmentProfile": null,
  "hyperV": false,
  "id": "/subscriptions/886b84e6-68e5-4a4d-8230-61235c4a2087/resourceGroups/ammmia-1619984878/providers/Microsoft.Web/serverfarms/ammmia-fn-asp-1619984878",
  "isSpot": false,
  "isXenon": false,
  "kind": "elastic",
  "location": "westeurope",
  "maximumElasticWorkerCount": 1,
  "maximumNumberOfWorkers": 0,
  "name": "ammmia-fn-asp-1619984878",
  "numberOfSites": 0,
  "perSiteScaling": false,
  "provisioningState": "Succeeded",
  "reserved": true,
  "resourceGroup": "ammmia-1619984878",
  "sku": {
    "capabilities": null,
    "capacity": 1,
    "family": "EP",
    "locations": null,
    "name": "EP1",
    "size": "EP1",
    "skuCapacity": null,
    "tier": "ElasticPremium"
  },
  "spotExpirationTime": null,
  "status": "Ready",
  "subscription": "886b84e6-68e5-4a4d-8230-61235c4a2087",
  "tags": null,
  "targetWorkerCount": 0,
  "targetWorkerSizeId": 0,
  "type": "Microsoft.Web/serverfarms",
  "workerTierName": null
}
creating functions app: ammmia-fn-app-1619984878
{
  "availabilityState": "Normal",
  "clientAffinityEnabled": false,
  "clientCertEnabled": false,
  "clientCertExclusionPaths": null,
  "cloningInfo": null,
  "containerSize": 0,
  "dailyMemoryTimeQuota": 0,
  "defaultHostName": "ammmia-fn-app-1619984878.azurewebsites.net",
  "enabled": true,
  "enabledHostNames": [
    "ammmia-fn-app-1619984878.azurewebsites.net",
    "ammmia-fn-app-1619984878.scm.azurewebsites.net"
  ],
  "hostNameSslStates": [
    {
      "hostType": "Standard",
      "ipBasedSslResult": null,
      "ipBasedSslState": "NotConfigured",
      "name": "ammmia-fn-app-1619984878.azurewebsites.net",
      "sslState": "Disabled",
      "thumbprint": null,
      "toUpdate": null,
      "toUpdateIpBasedSsl": null,
      "virtualIp": null
    },
    {
      "hostType": "Repository",
      "ipBasedSslResult": null,
      "ipBasedSslState": "NotConfigured",
      "name": "ammmia-fn-app-1619984878.scm.azurewebsites.net",
      "sslState": "Disabled",
      "thumbprint": null,
      "toUpdate": null,
      "toUpdateIpBasedSsl": null,
      "virtualIp": null
    }
  ],
  "hostNames": [
    "ammmia-fn-app-1619984878.azurewebsites.net"
  ],
  "hostNamesDisabled": false,
  "hostingEnvironmentProfile": null,
  "httpsOnly": false,
  "hyperV": false,
  "id": "/subscriptions/886b84e6-68e5-4a4d-8230-61235c4a2087/resourceGroups/ammmia-1619984878/providers/Microsoft.Web/sites/ammmia-fn-app-1619984878",
  "identity": {
    "principalId": "28233427-ef6d-4322-a067-1cbec60d6351",
    "tenantId": "72f988bf-86f1-41af-91ab-2d7cd011db47",
    "type": "SystemAssigned",
    "userAssignedIdentities": null
  },
  "inProgressOperationId": null,
  "isDefaultContainer": null,
  "isXenon": false,
  "kind": "functionapp,linux,container",
  "lastModifiedTimeUtc": "2021-05-02T19:51:54.600000",
  "location": "West Europe",
  "maxNumberOfWorkers": null,
  "name": "ammmia-fn-app-1619984878",
  "outboundIpAddresses": "51.138.21.47,51.138.21.189,51.138.22.34,51.138.22.122,51.138.22.229,51.138.104.128,20.50.2.42",
  "possibleOutboundIpAddresses": "51.124.22.192,51.124.22.215,51.124.23.119,51.138.16.35,51.124.21.175,51.138.20.233,51.138.21.47,51.138.21.189,51.138.22.34,51.138.22.122,51.138.22.229,51.138.104.128,51.138.105.63,51.138.105.163,51.138.105.196,51.138.106.37,51.138.22.141,51.138.106.177,20.50.2.42",
  "redundancyMode": "None",
  "repositorySiteName": "ammmia-fn-app-1619984878",
  "reserved": true,
  "resourceGroup": "ammmia-1619984878",
  "scmSiteAlsoStopped": false,
  "serverFarmId": "/subscriptions/886b84e6-68e5-4a4d-8230-61235c4a2087/resourceGroups/ammmia-1619984878/providers/Microsoft.Web/serverfarms/ammmia-fn-asp-1619984878",
  "siteConfig": {
    "acrUseManagedIdentityCreds": false,
    "acrUserManagedIdentityId": null,
    "alwaysOn": null,
    "apiDefinition": null,
    "apiManagementConfig": null,
    "appCommandLine": null,
    "appSettings": null,
    "autoHealEnabled": null,
    "autoHealRules": null,
    "autoSwapSlotName": null,
    "azureMonitorLogCategories": null,
    "azureStorageAccounts": null,
    "connectionStrings": null,
    "cors": null,
    "customAppPoolIdentityAdminState": null,
    "customAppPoolIdentityTenantState": null,
    "defaultDocuments": null,
    "detailedErrorLoggingEnabled": null,
    "documentRoot": null,
    "experiments": null,
    "fileChangeAuditEnabled": null,
    "ftpsState": null,
    "functionAppScaleLimit": null,
    "functionsRuntimeScaleMonitoringEnabled": null,
    "handlerMappings": null,
    "healthCheckPath": null,
    "http20Enabled": null,
    "httpLoggingEnabled": null,
    "ipSecurityRestrictions": [
      {
        "action": "Allow",
        "description": "Allow all access",
        "ipAddress": "Any",
        "name": "Allow all",
        "priority": 1,
        "subnetMask": null,
        "subnetTrafficTag": null,
        "tag": null,
        "vnetSubnetResourceId": null,
        "vnetTrafficTag": null
      }
    ],
    "javaContainer": null,
    "javaContainerVersion": null,
    "javaVersion": null,
    "keyVaultReferenceIdentity": null,
    "limits": null,
    "linuxFxVersion": null,
    "loadBalancing": null,
    "localMySqlEnabled": null,
    "logsDirectorySizeLimit": null,
    "machineKey": null,
    "managedPipelineMode": null,
    "managedServiceIdentityId": null,
    "metadata": null,
    "minTlsVersion": null,
    "minimumElasticInstanceCount": 0,
    "netFrameworkVersion": null,
    "nodeVersion": null,
    "numberOfWorkers": null,
    "phpVersion": null,
    "powerShellVersion": null,
    "preWarmedInstanceCount": null,
    "publishingPassword": null,
    "publishingUsername": null,
    "push": null,
    "pythonVersion": null,
    "remoteDebuggingEnabled": null,
    "remoteDebuggingVersion": null,
    "requestTracingEnabled": null,
    "requestTracingExpirationTime": null,
    "routingRules": null,
    "runtimeADUser": null,
    "runtimeADUserPassword": null,
    "scmIpSecurityRestrictions": [
      {
        "action": "Allow",
        "description": "Allow all access",
        "ipAddress": "Any",
        "name": "Allow all",
        "priority": 1,
        "subnetMask": null,
        "subnetTrafficTag": null,
        "tag": null,
        "vnetSubnetResourceId": null,
        "vnetTrafficTag": null
      }
    ],
    "scmIpSecurityRestrictionsUseMain": null,
    "scmMinTlsVersion": null,
    "scmType": null,
    "tracingOptions": null,
    "use32BitWorkerProcess": null,
    "virtualApplications": null,
    "vnetName": null,
    "vnetPrivatePortsCount": null,
    "vnetRouteAllEnabled": null,
    "webSocketsEnabled": null,
    "websiteTimeZone": null,
    "winAuthAdminState": null,
    "winAuthTenantState": null,
    "windowsFxVersion": null,
    "xManagedServiceIdentityId": null
  },
  "slotSwapStatus": null,
  "state": "Running",
  "suspendedTill": null,
  "tags": null,
  "targetSwapSlot": null,
  "trafficManagerHostNames": null,
  "type": "Microsoft.Web/sites",
  "usageState": "Normal"
}
applying settings to functions app: ammmia-fn-asp-1619984878
[
  {
    "name": "MACHINEKEY_DecryptionKey",
    "slotSetting": false,
    "value": "06AB7F6A032A42A279793CCEF507567C75239BC000B80CC2553AC5537B276619"
  },
  {
    "name": "DOCKER_CUSTOM_IMAGE_NAME",
    "slotSetting": false,
    "value": "ammmiaacr1619984878.azurecr.io/ammmia-funcs:v1.0"
  },
  {
    "name": "FUNCTION_APP_EDIT_MODE",
    "slotSetting": false,
    "value": "readOnly"
  },
  {
    "name": "WEBSITES_ENABLE_APP_SERVICE_STORAGE",
    "slotSetting": false,
    "value": "false"
  },
  {
    "name": "FUNCTIONS_EXTENSION_VERSION",
    "slotSetting": false,
    "value": "~3"
  },
  {
    "name": "AzureWebJobsStorage",
    "slotSetting": false,
    "value": "DefaultEndpointsProtocol=https;EndpointSuffix=core.windows.net;AccountName=ammmiasa1619984878;AccountKey=y9wBPnvZPZmCGyg2vARLE40XY6ibQ4DzzqZRQO8zJ4g2ei6a4zmCAEk7phU4p08yWsewxGh9r/sxUVe1UK8Q7Q=="
  },
  {
    "name": "WEBSITE_CONTENTAZUREFILECONNECTIONSTRING",
    "slotSetting": false,
    "value": "DefaultEndpointsProtocol=https;EndpointSuffix=core.windows.net;AccountName=ammmiasa1619984878;AccountKey=y9wBPnvZPZmCGyg2vARLE40XY6ibQ4DzzqZRQO8zJ4g2ei6a4zmCAEk7phU4p08yWsewxGh9r/sxUVe1UK8Q7Q=="
  },
  {
    "name": "WEBSITE_CONTENTSHARE",
    "slotSetting": false,
    "value": "ammmia-fn-app-1619984878"
  },
  {
    "name": "APPINSIGHTS_INSTRUMENTATIONKEY",
    "slotSetting": false,
    "value": "184692cc-3dab-491d-aa20-92772e04f238"
  },
  {
    "name": "DOCKER_REGISTRY_SERVER_URL",
    "slotSetting": false,
    "value": "ammmiaacr1619984878.azurecr.io"
  },
  {
    "name": "DOCKER_REGISTRY_SERVER_USERNAME",
    "slotSetting": false,
    "value": "ammmiaacr1619984878"
  },
  {
    "name": "DOCKER_REGISTRY_SERVER_PASSWORD",
    "slotSetting": false,
    "value": null
  }
]
[
  {
    "name": "MACHINEKEY_DecryptionKey",
    "slotSetting": false,
    "value": "06AB7F6A032A42A279793CCEF507567C75239BC000B80CC2553AC5537B276619"
  },
  {
    "name": "DOCKER_CUSTOM_IMAGE_NAME",
    "slotSetting": false,
    "value": "ammmiaacr1619984878.azurecr.io/ammmia-funcs:v1.0"
  },
  {
    "name": "FUNCTION_APP_EDIT_MODE",
    "slotSetting": false,
    "value": "readOnly"
  },
  {
    "name": "WEBSITES_ENABLE_APP_SERVICE_STORAGE",
    "slotSetting": false,
    "value": "false"
  },
  {
    "name": "FUNCTIONS_EXTENSION_VERSION",
    "slotSetting": false,
    "value": "~3"
  },
  {
    "name": "AzureWebJobsStorage",
    "slotSetting": false,
    "value": "DefaultEndpointsProtocol=https;EndpointSuffix=core.windows.net;AccountName=ammmiasa1619984878;AccountKey=y9wBPnvZPZmCGyg2vARLE40XY6ibQ4DzzqZRQO8zJ4g2ei6a4zmCAEk7phU4p08yWsewxGh9r/sxUVe1UK8Q7Q=="
  },
  {
    "name": "WEBSITE_CONTENTAZUREFILECONNECTIONSTRING",
    "slotSetting": false,
    "value": "DefaultEndpointsProtocol=https;EndpointSuffix=core.windows.net;AccountName=ammmiasa1619984878;AccountKey=y9wBPnvZPZmCGyg2vARLE40XY6ibQ4DzzqZRQO8zJ4g2ei6a4zmCAEk7phU4p08yWsewxGh9r/sxUVe1UK8Q7Q=="
  },
  {
    "name": "WEBSITE_CONTENTSHARE",
    "slotSetting": false,
    "value": "ammmia-fn-app-1619984878"
  },
  {
    "name": "APPINSIGHTS_INSTRUMENTATIONKEY",
    "slotSetting": false,
    "value": "184692cc-3dab-491d-aa20-92772e04f238"
  },
  {
    "name": "DOCKER_REGISTRY_SERVER_URL",
    "slotSetting": false,
    "value": "ammmiaacr1619984878.azurecr.io"
  },
  {
    "name": "DOCKER_REGISTRY_SERVER_USERNAME",
    "slotSetting": false,
    "value": "ammmiaacr1619984878"
  },
  {
    "name": "DOCKER_REGISTRY_SERVER_PASSWORD",
    "slotSetting": false,
    "value": null
  },
  {
    "name": "SB_CONNECTION_STRING",
    "slotSetting": false,
    "value": "Endpoint=sb://ammmia-sbns-1619984878.servicebus.windows.net/;SharedAccessKeyName=RootManageSharedAccessKey;SharedAccessKey=KyO3EOyzUMTT2ko6NL7r1eU2wrfPnwC6Wj3x/oqHxC0="
  }
]
[
  {
    "name": "MACHINEKEY_DecryptionKey",
    "slotSetting": false,
    "value": "06AB7F6A032A42A279793CCEF507567C75239BC000B80CC2553AC5537B276619"
  },
  {
    "name": "DOCKER_CUSTOM_IMAGE_NAME",
    "slotSetting": false,
    "value": "ammmiaacr1619984878.azurecr.io/ammmia-funcs:v1.0"
  },
  {
    "name": "FUNCTION_APP_EDIT_MODE",
    "slotSetting": false,
    "value": "readOnly"
  },
  {
    "name": "WEBSITES_ENABLE_APP_SERVICE_STORAGE",
    "slotSetting": false,
    "value": "false"
  },
  {
    "name": "FUNCTIONS_EXTENSION_VERSION",
    "slotSetting": false,
    "value": "~3"
  },
  {
    "name": "AzureWebJobsStorage",
    "slotSetting": false,
    "value": "DefaultEndpointsProtocol=https;EndpointSuffix=core.windows.net;AccountName=ammmiasa1619984878;AccountKey=y9wBPnvZPZmCGyg2vARLE40XY6ibQ4DzzqZRQO8zJ4g2ei6a4zmCAEk7phU4p08yWsewxGh9r/sxUVe1UK8Q7Q=="
  },
  {
    "name": "WEBSITE_CONTENTAZUREFILECONNECTIONSTRING",
    "slotSetting": false,
    "value": "DefaultEndpointsProtocol=https;EndpointSuffix=core.windows.net;AccountName=ammmiasa1619984878;AccountKey=y9wBPnvZPZmCGyg2vARLE40XY6ibQ4DzzqZRQO8zJ4g2ei6a4zmCAEk7phU4p08yWsewxGh9r/sxUVe1UK8Q7Q=="
  },
  {
    "name": "WEBSITE_CONTENTSHARE",
    "slotSetting": false,
    "value": "ammmia-fn-app-1619984878"
  },
  {
    "name": "APPINSIGHTS_INSTRUMENTATIONKEY",
    "slotSetting": false,
    "value": "184692cc-3dab-491d-aa20-92772e04f238"
  },
  {
    "name": "DOCKER_REGISTRY_SERVER_URL",
    "slotSetting": false,
    "value": "ammmiaacr1619984878.azurecr.io"
  },
  {
    "name": "DOCKER_REGISTRY_SERVER_USERNAME",
    "slotSetting": false,
    "value": "ammmiaacr1619984878"
  },
  {
    "name": "DOCKER_REGISTRY_SERVER_PASSWORD",
    "slotSetting": false,
    "value": null
  },
  {
    "name": "SB_CONNECTION_STRING",
    "slotSetting": false,
    "value": "Endpoint=sb://ammmia-sbns-1619984878.servicebus.windows.net/;SharedAccessKeyName=RootManageSharedAccessKey;SharedAccessKey=KyO3EOyzUMTT2ko6NL7r1eU2wrfPnwC6Wj3x/oqHxC0="
  },
  {
    "name": "SB_SEND_TOPIC",
    "slotSetting": false,
    "value": "send-topic-1619984878"
  }
]
[
  {
    "name": "MACHINEKEY_DecryptionKey",
    "slotSetting": false,
    "value": "06AB7F6A032A42A279793CCEF507567C75239BC000B80CC2553AC5537B276619"
  },
  {
    "name": "DOCKER_CUSTOM_IMAGE_NAME",
    "slotSetting": false,
    "value": "ammmiaacr1619984878.azurecr.io/ammmia-funcs:v1.0"
  },
  {
    "name": "FUNCTION_APP_EDIT_MODE",
    "slotSetting": false,
    "value": "readOnly"
  },
  {
    "name": "WEBSITES_ENABLE_APP_SERVICE_STORAGE",
    "slotSetting": false,
    "value": "false"
  },
  {
    "name": "FUNCTIONS_EXTENSION_VERSION",
    "slotSetting": false,
    "value": "~3"
  },
  {
    "name": "AzureWebJobsStorage",
    "slotSetting": false,
    "value": "DefaultEndpointsProtocol=https;EndpointSuffix=core.windows.net;AccountName=ammmiasa1619984878;AccountKey=y9wBPnvZPZmCGyg2vARLE40XY6ibQ4DzzqZRQO8zJ4g2ei6a4zmCAEk7phU4p08yWsewxGh9r/sxUVe1UK8Q7Q=="
  },
  {
    "name": "WEBSITE_CONTENTAZUREFILECONNECTIONSTRING",
    "slotSetting": false,
    "value": "DefaultEndpointsProtocol=https;EndpointSuffix=core.windows.net;AccountName=ammmiasa1619984878;AccountKey=y9wBPnvZPZmCGyg2vARLE40XY6ibQ4DzzqZRQO8zJ4g2ei6a4zmCAEk7phU4p08yWsewxGh9r/sxUVe1UK8Q7Q=="
  },
  {
    "name": "WEBSITE_CONTENTSHARE",
    "slotSetting": false,
    "value": "ammmia-fn-app-1619984878"
  },
  {
    "name": "APPINSIGHTS_INSTRUMENTATIONKEY",
    "slotSetting": false,
    "value": "184692cc-3dab-491d-aa20-92772e04f238"
  },
  {
    "name": "DOCKER_REGISTRY_SERVER_URL",
    "slotSetting": false,
    "value": "ammmiaacr1619984878.azurecr.io"
  },
  {
    "name": "DOCKER_REGISTRY_SERVER_USERNAME",
    "slotSetting": false,
    "value": "ammmiaacr1619984878"
  },
  {
    "name": "DOCKER_REGISTRY_SERVER_PASSWORD",
    "slotSetting": false,
    "value": null
  },
  {
    "name": "SB_CONNECTION_STRING",
    "slotSetting": false,
    "value": "Endpoint=sb://ammmia-sbns-1619984878.servicebus.windows.net/;SharedAccessKeyName=RootManageSharedAccessKey;SharedAccessKey=KyO3EOyzUMTT2ko6NL7r1eU2wrfPnwC6Wj3x/oqHxC0="
  },
  {
    "name": "SB_SEND_TOPIC",
    "slotSetting": false,
    "value": "send-topic-1619984878"
  },
  {
    "name": "SB_DISPATCH_TOPIC",
    "slotSetting": false,
    "value": "dispach-topic-1619984878"
  }
]
[
  {
    "name": "MACHINEKEY_DecryptionKey",
    "slotSetting": false,
    "value": "06AB7F6A032A42A279793CCEF507567C75239BC000B80CC2553AC5537B276619"
  },
  {
    "name": "DOCKER_CUSTOM_IMAGE_NAME",
    "slotSetting": false,
    "value": "ammmiaacr1619984878.azurecr.io/ammmia-funcs:v1.0"
  },
  {
    "name": "FUNCTION_APP_EDIT_MODE",
    "slotSetting": false,
    "value": "readOnly"
  },
  {
    "name": "WEBSITES_ENABLE_APP_SERVICE_STORAGE",
    "slotSetting": false,
    "value": "false"
  },
  {
    "name": "FUNCTIONS_EXTENSION_VERSION",
    "slotSetting": false,
    "value": "~3"
  },
  {
    "name": "AzureWebJobsStorage",
    "slotSetting": false,
    "value": "DefaultEndpointsProtocol=https;EndpointSuffix=core.windows.net;AccountName=ammmiasa1619984878;AccountKey=y9wBPnvZPZmCGyg2vARLE40XY6ibQ4DzzqZRQO8zJ4g2ei6a4zmCAEk7phU4p08yWsewxGh9r/sxUVe1UK8Q7Q=="
  },
  {
    "name": "WEBSITE_CONTENTAZUREFILECONNECTIONSTRING",
    "slotSetting": false,
    "value": "DefaultEndpointsProtocol=https;EndpointSuffix=core.windows.net;AccountName=ammmiasa1619984878;AccountKey=y9wBPnvZPZmCGyg2vARLE40XY6ibQ4DzzqZRQO8zJ4g2ei6a4zmCAEk7phU4p08yWsewxGh9r/sxUVe1UK8Q7Q=="
  },
  {
    "name": "WEBSITE_CONTENTSHARE",
    "slotSetting": false,
    "value": "ammmia-fn-app-1619984878"
  },
  {
    "name": "APPINSIGHTS_INSTRUMENTATIONKEY",
    "slotSetting": false,
    "value": "184692cc-3dab-491d-aa20-92772e04f238"
  },
  {
    "name": "DOCKER_REGISTRY_SERVER_URL",
    "slotSetting": false,
    "value": "ammmiaacr1619984878.azurecr.io"
  },
  {
    "name": "DOCKER_REGISTRY_SERVER_USERNAME",
    "slotSetting": false,
    "value": "ammmiaacr1619984878"
  },
  {
    "name": "DOCKER_REGISTRY_SERVER_PASSWORD",
    "slotSetting": false,
    "value": null
  },
  {
    "name": "SB_CONNECTION_STRING",
    "slotSetting": false,
    "value": "Endpoint=sb://ammmia-sbns-1619984878.servicebus.windows.net/;SharedAccessKeyName=RootManageSharedAccessKey;SharedAccessKey=KyO3EOyzUMTT2ko6NL7r1eU2wrfPnwC6Wj3x/oqHxC0="
  },
  {
    "name": "SB_SEND_TOPIC",
    "slotSetting": false,
    "value": "send-topic-1619984878"
  },
  {
    "name": "SB_DISPATCH_TOPIC",
    "slotSetting": false,
    "value": "dispach-topic-1619984878"
  },
  {
    "name": "SB_RECEIVE_TOPIC",
    "slotSetting": false,
    "value": "receive-topic-1619984878"
  }
]
[
  {
    "name": "MACHINEKEY_DecryptionKey",
    "slotSetting": false,
    "value": "06AB7F6A032A42A279793CCEF507567C75239BC000B80CC2553AC5537B276619"
  },
  {
    "name": "DOCKER_CUSTOM_IMAGE_NAME",
    "slotSetting": false,
    "value": "ammmiaacr1619984878.azurecr.io/ammmia-funcs:v1.0"
  },
  {
    "name": "FUNCTION_APP_EDIT_MODE",
    "slotSetting": false,
    "value": "readOnly"
  },
  {
    "name": "WEBSITES_ENABLE_APP_SERVICE_STORAGE",
    "slotSetting": false,
    "value": "false"
  },
  {
    "name": "FUNCTIONS_EXTENSION_VERSION",
    "slotSetting": false,
    "value": "~3"
  },
  {
    "name": "AzureWebJobsStorage",
    "slotSetting": false,
    "value": "DefaultEndpointsProtocol=https;EndpointSuffix=core.windows.net;AccountName=ammmiasa1619984878;AccountKey=y9wBPnvZPZmCGyg2vARLE40XY6ibQ4DzzqZRQO8zJ4g2ei6a4zmCAEk7phU4p08yWsewxGh9r/sxUVe1UK8Q7Q=="
  },
  {
    "name": "WEBSITE_CONTENTAZUREFILECONNECTIONSTRING",
    "slotSetting": false,
    "value": "DefaultEndpointsProtocol=https;EndpointSuffix=core.windows.net;AccountName=ammmiasa1619984878;AccountKey=y9wBPnvZPZmCGyg2vARLE40XY6ibQ4DzzqZRQO8zJ4g2ei6a4zmCAEk7phU4p08yWsewxGh9r/sxUVe1UK8Q7Q=="
  },
  {
    "name": "WEBSITE_CONTENTSHARE",
    "slotSetting": false,
    "value": "ammmia-fn-app-1619984878"
  },
  {
    "name": "APPINSIGHTS_INSTRUMENTATIONKEY",
    "slotSetting": false,
    "value": "184692cc-3dab-491d-aa20-92772e04f238"
  },
  {
    "name": "DOCKER_REGISTRY_SERVER_URL",
    "slotSetting": false,
    "value": "ammmiaacr1619984878.azurecr.io"
  },
  {
    "name": "DOCKER_REGISTRY_SERVER_USERNAME",
    "slotSetting": false,
    "value": "ammmiaacr1619984878"
  },
  {
    "name": "DOCKER_REGISTRY_SERVER_PASSWORD",
    "slotSetting": false,
    "value": null
  },
  {
    "name": "SB_CONNECTION_STRING",
    "slotSetting": false,
    "value": "Endpoint=sb://ammmia-sbns-1619984878.servicebus.windows.net/;SharedAccessKeyName=RootManageSharedAccessKey;SharedAccessKey=KyO3EOyzUMTT2ko6NL7r1eU2wrfPnwC6Wj3x/oqHxC0="
  },
  {
    "name": "SB_SEND_TOPIC",
    "slotSetting": false,
    "value": "send-topic-1619984878"
  },
  {
    "name": "SB_DISPATCH_TOPIC",
    "slotSetting": false,
    "value": "dispach-topic-1619984878"
  },
  {
    "name": "SB_RECEIVE_TOPIC",
    "slotSetting": false,
    "value": "receive-topic-1619984878"
  },
  {
    "name": "SB_PROCESS_TOPIC",
    "slotSetting": false,
    "value": "process-topic-1619984878"
  }
]
[
  {
    "name": "MACHINEKEY_DecryptionKey",
    "slotSetting": false,
    "value": "06AB7F6A032A42A279793CCEF507567C75239BC000B80CC2553AC5537B276619"
  },
  {
    "name": "DOCKER_CUSTOM_IMAGE_NAME",
    "slotSetting": false,
    "value": "ammmiaacr1619984878.azurecr.io/ammmia-funcs:v1.0"
  },
  {
    "name": "FUNCTION_APP_EDIT_MODE",
    "slotSetting": false,
    "value": "readOnly"
  },
  {
    "name": "WEBSITES_ENABLE_APP_SERVICE_STORAGE",
    "slotSetting": false,
    "value": "false"
  },
  {
    "name": "FUNCTIONS_EXTENSION_VERSION",
    "slotSetting": false,
    "value": "~3"
  },
  {
    "name": "AzureWebJobsStorage",
    "slotSetting": false,
    "value": "DefaultEndpointsProtocol=https;EndpointSuffix=core.windows.net;AccountName=ammmiasa1619984878;AccountKey=y9wBPnvZPZmCGyg2vARLE40XY6ibQ4DzzqZRQO8zJ4g2ei6a4zmCAEk7phU4p08yWsewxGh9r/sxUVe1UK8Q7Q=="
  },
  {
    "name": "WEBSITE_CONTENTAZUREFILECONNECTIONSTRING",
    "slotSetting": false,
    "value": "DefaultEndpointsProtocol=https;EndpointSuffix=core.windows.net;AccountName=ammmiasa1619984878;AccountKey=y9wBPnvZPZmCGyg2vARLE40XY6ibQ4DzzqZRQO8zJ4g2ei6a4zmCAEk7phU4p08yWsewxGh9r/sxUVe1UK8Q7Q=="
  },
  {
    "name": "WEBSITE_CONTENTSHARE",
    "slotSetting": false,
    "value": "ammmia-fn-app-1619984878"
  },
  {
    "name": "APPINSIGHTS_INSTRUMENTATIONKEY",
    "slotSetting": false,
    "value": "184692cc-3dab-491d-aa20-92772e04f238"
  },
  {
    "name": "DOCKER_REGISTRY_SERVER_URL",
    "slotSetting": false,
    "value": "ammmiaacr1619984878.azurecr.io"
  },
  {
    "name": "DOCKER_REGISTRY_SERVER_USERNAME",
    "slotSetting": false,
    "value": "ammmiaacr1619984878"
  },
  {
    "name": "DOCKER_REGISTRY_SERVER_PASSWORD",
    "slotSetting": false,
    "value": null
  },
  {
    "name": "SB_CONNECTION_STRING",
    "slotSetting": false,
    "value": "Endpoint=sb://ammmia-sbns-1619984878.servicebus.windows.net/;SharedAccessKeyName=RootManageSharedAccessKey;SharedAccessKey=KyO3EOyzUMTT2ko6NL7r1eU2wrfPnwC6Wj3x/oqHxC0="
  },
  {
    "name": "SB_SEND_TOPIC",
    "slotSetting": false,
    "value": "send-topic-1619984878"
  },
  {
    "name": "SB_DISPATCH_TOPIC",
    "slotSetting": false,
    "value": "dispach-topic-1619984878"
  },
  {
    "name": "SB_RECEIVE_TOPIC",
    "slotSetting": false,
    "value": "receive-topic-1619984878"
  },
  {
    "name": "SB_PROCESS_TOPIC",
    "slotSetting": false,
    "value": "process-topic-1619984878"
  },
  {
    "name": "SB_TRANSFORM_TOPIC",
    "slotSetting": false,
    "value": "transform-topic-1619984878"
  }
]
[
  {
    "name": "MACHINEKEY_DecryptionKey",
    "slotSetting": false,
    "value": "06AB7F6A032A42A279793CCEF507567C75239BC000B80CC2553AC5537B276619"
  },
  {
    "name": "DOCKER_CUSTOM_IMAGE_NAME",
    "slotSetting": false,
    "value": "ammmiaacr1619984878.azurecr.io/ammmia-funcs:v1.0"
  },
  {
    "name": "FUNCTION_APP_EDIT_MODE",
    "slotSetting": false,
    "value": "readOnly"
  },
  {
    "name": "WEBSITES_ENABLE_APP_SERVICE_STORAGE",
    "slotSetting": false,
    "value": "false"
  },
  {
    "name": "FUNCTIONS_EXTENSION_VERSION",
    "slotSetting": false,
    "value": "~3"
  },
  {
    "name": "AzureWebJobsStorage",
    "slotSetting": false,
    "value": "DefaultEndpointsProtocol=https;EndpointSuffix=core.windows.net;AccountName=ammmiasa1619984878;AccountKey=y9wBPnvZPZmCGyg2vARLE40XY6ibQ4DzzqZRQO8zJ4g2ei6a4zmCAEk7phU4p08yWsewxGh9r/sxUVe1UK8Q7Q=="
  },
  {
    "name": "WEBSITE_CONTENTAZUREFILECONNECTIONSTRING",
    "slotSetting": false,
    "value": "DefaultEndpointsProtocol=https;EndpointSuffix=core.windows.net;AccountName=ammmiasa1619984878;AccountKey=y9wBPnvZPZmCGyg2vARLE40XY6ibQ4DzzqZRQO8zJ4g2ei6a4zmCAEk7phU4p08yWsewxGh9r/sxUVe1UK8Q7Q=="
  },
  {
    "name": "WEBSITE_CONTENTSHARE",
    "slotSetting": false,
    "value": "ammmia-fn-app-1619984878"
  },
  {
    "name": "APPINSIGHTS_INSTRUMENTATIONKEY",
    "slotSetting": false,
    "value": "184692cc-3dab-491d-aa20-92772e04f238"
  },
  {
    "name": "DOCKER_REGISTRY_SERVER_URL",
    "slotSetting": false,
    "value": "ammmiaacr1619984878.azurecr.io"
  },
  {
    "name": "DOCKER_REGISTRY_SERVER_USERNAME",
    "slotSetting": false,
    "value": "ammmiaacr1619984878"
  },
  {
    "name": "DOCKER_REGISTRY_SERVER_PASSWORD",
    "slotSetting": false,
    "value": null
  },
  {
    "name": "SB_CONNECTION_STRING",
    "slotSetting": false,
    "value": "Endpoint=sb://ammmia-sbns-1619984878.servicebus.windows.net/;SharedAccessKeyName=RootManageSharedAccessKey;SharedAccessKey=KyO3EOyzUMTT2ko6NL7r1eU2wrfPnwC6Wj3x/oqHxC0="
  },
  {
    "name": "SB_SEND_TOPIC",
    "slotSetting": false,
    "value": "send-topic-1619984878"
  },
  {
    "name": "SB_DISPATCH_TOPIC",
    "slotSetting": false,
    "value": "dispach-topic-1619984878"
  },
  {
    "name": "SB_RECEIVE_TOPIC",
    "slotSetting": false,
    "value": "receive-topic-1619984878"
  },
  {
    "name": "SB_PROCESS_TOPIC",
    "slotSetting": false,
    "value": "process-topic-1619984878"
  },
  {
    "name": "SB_TRANSFORM_TOPIC",
    "slotSetting": false,
    "value": "transform-topic-1619984878"
  },
  {
    "name": "SB_SEND_SUBSCRIPTION",
    "slotSetting": false,
    "value": "send-subscription-1619984878"
  }
]
[
  {
    "name": "MACHINEKEY_DecryptionKey",
    "slotSetting": false,
    "value": "06AB7F6A032A42A279793CCEF507567C75239BC000B80CC2553AC5537B276619"
  },
  {
    "name": "DOCKER_CUSTOM_IMAGE_NAME",
    "slotSetting": false,
    "value": "ammmiaacr1619984878.azurecr.io/ammmia-funcs:v1.0"
  },
  {
    "name": "FUNCTION_APP_EDIT_MODE",
    "slotSetting": false,
    "value": "readOnly"
  },
  {
    "name": "WEBSITES_ENABLE_APP_SERVICE_STORAGE",
    "slotSetting": false,
    "value": "false"
  },
  {
    "name": "FUNCTIONS_EXTENSION_VERSION",
    "slotSetting": false,
    "value": "~3"
  },
  {
    "name": "AzureWebJobsStorage",
    "slotSetting": false,
    "value": "DefaultEndpointsProtocol=https;EndpointSuffix=core.windows.net;AccountName=ammmiasa1619984878;AccountKey=y9wBPnvZPZmCGyg2vARLE40XY6ibQ4DzzqZRQO8zJ4g2ei6a4zmCAEk7phU4p08yWsewxGh9r/sxUVe1UK8Q7Q=="
  },
  {
    "name": "WEBSITE_CONTENTAZUREFILECONNECTIONSTRING",
    "slotSetting": false,
    "value": "DefaultEndpointsProtocol=https;EndpointSuffix=core.windows.net;AccountName=ammmiasa1619984878;AccountKey=y9wBPnvZPZmCGyg2vARLE40XY6ibQ4DzzqZRQO8zJ4g2ei6a4zmCAEk7phU4p08yWsewxGh9r/sxUVe1UK8Q7Q=="
  },
  {
    "name": "WEBSITE_CONTENTSHARE",
    "slotSetting": false,
    "value": "ammmia-fn-app-1619984878"
  },
  {
    "name": "APPINSIGHTS_INSTRUMENTATIONKEY",
    "slotSetting": false,
    "value": "184692cc-3dab-491d-aa20-92772e04f238"
  },
  {
    "name": "DOCKER_REGISTRY_SERVER_URL",
    "slotSetting": false,
    "value": "ammmiaacr1619984878.azurecr.io"
  },
  {
    "name": "DOCKER_REGISTRY_SERVER_USERNAME",
    "slotSetting": false,
    "value": "ammmiaacr1619984878"
  },
  {
    "name": "DOCKER_REGISTRY_SERVER_PASSWORD",
    "slotSetting": false,
    "value": null
  },
  {
    "name": "SB_CONNECTION_STRING",
    "slotSetting": false,
    "value": "Endpoint=sb://ammmia-sbns-1619984878.servicebus.windows.net/;SharedAccessKeyName=RootManageSharedAccessKey;SharedAccessKey=KyO3EOyzUMTT2ko6NL7r1eU2wrfPnwC6Wj3x/oqHxC0="
  },
  {
    "name": "SB_SEND_TOPIC",
    "slotSetting": false,
    "value": "send-topic-1619984878"
  },
  {
    "name": "SB_DISPATCH_TOPIC",
    "slotSetting": false,
    "value": "dispach-topic-1619984878"
  },
  {
    "name": "SB_RECEIVE_TOPIC",
    "slotSetting": false,
    "value": "receive-topic-1619984878"
  },
  {
    "name": "SB_PROCESS_TOPIC",
    "slotSetting": false,
    "value": "process-topic-1619984878"
  },
  {
    "name": "SB_TRANSFORM_TOPIC",
    "slotSetting": false,
    "value": "transform-topic-1619984878"
  },
  {
    "name": "SB_SEND_SUBSCRIPTION",
    "slotSetting": false,
    "value": "send-subscription-1619984878"
  },
  {
    "name": "SB_DISPATCH_SUBSCRIPTION",
    "slotSetting": false,
    "value": "dispatch-subscription-1619984878"
  }
]
[
  {
    "name": "MACHINEKEY_DecryptionKey",
    "slotSetting": false,
    "value": "06AB7F6A032A42A279793CCEF507567C75239BC000B80CC2553AC5537B276619"
  },
  {
    "name": "DOCKER_CUSTOM_IMAGE_NAME",
    "slotSetting": false,
    "value": "ammmiaacr1619984878.azurecr.io/ammmia-funcs:v1.0"
  },
  {
    "name": "FUNCTION_APP_EDIT_MODE",
    "slotSetting": false,
    "value": "readOnly"
  },
  {
    "name": "WEBSITES_ENABLE_APP_SERVICE_STORAGE",
    "slotSetting": false,
    "value": "false"
  },
  {
    "name": "FUNCTIONS_EXTENSION_VERSION",
    "slotSetting": false,
    "value": "~3"
  },
  {
    "name": "AzureWebJobsStorage",
    "slotSetting": false,
    "value": "DefaultEndpointsProtocol=https;EndpointSuffix=core.windows.net;AccountName=ammmiasa1619984878;AccountKey=y9wBPnvZPZmCGyg2vARLE40XY6ibQ4DzzqZRQO8zJ4g2ei6a4zmCAEk7phU4p08yWsewxGh9r/sxUVe1UK8Q7Q=="
  },
  {
    "name": "WEBSITE_CONTENTAZUREFILECONNECTIONSTRING",
    "slotSetting": false,
    "value": "DefaultEndpointsProtocol=https;EndpointSuffix=core.windows.net;AccountName=ammmiasa1619984878;AccountKey=y9wBPnvZPZmCGyg2vARLE40XY6ibQ4DzzqZRQO8zJ4g2ei6a4zmCAEk7phU4p08yWsewxGh9r/sxUVe1UK8Q7Q=="
  },
  {
    "name": "WEBSITE_CONTENTSHARE",
    "slotSetting": false,
    "value": "ammmia-fn-app-1619984878"
  },
  {
    "name": "APPINSIGHTS_INSTRUMENTATIONKEY",
    "slotSetting": false,
    "value": "184692cc-3dab-491d-aa20-92772e04f238"
  },
  {
    "name": "DOCKER_REGISTRY_SERVER_URL",
    "slotSetting": false,
    "value": "ammmiaacr1619984878.azurecr.io"
  },
  {
    "name": "DOCKER_REGISTRY_SERVER_USERNAME",
    "slotSetting": false,
    "value": "ammmiaacr1619984878"
  },
  {
    "name": "DOCKER_REGISTRY_SERVER_PASSWORD",
    "slotSetting": false,
    "value": null
  },
  {
    "name": "SB_CONNECTION_STRING",
    "slotSetting": false,
    "value": "Endpoint=sb://ammmia-sbns-1619984878.servicebus.windows.net/;SharedAccessKeyName=RootManageSharedAccessKey;SharedAccessKey=KyO3EOyzUMTT2ko6NL7r1eU2wrfPnwC6Wj3x/oqHxC0="
  },
  {
    "name": "SB_SEND_TOPIC",
    "slotSetting": false,
    "value": "send-topic-1619984878"
  },
  {
    "name": "SB_DISPATCH_TOPIC",
    "slotSetting": false,
    "value": "dispach-topic-1619984878"
  },
  {
    "name": "SB_RECEIVE_TOPIC",
    "slotSetting": false,
    "value": "receive-topic-1619984878"
  },
  {
    "name": "SB_PROCESS_TOPIC",
    "slotSetting": false,
    "value": "process-topic-1619984878"
  },
  {
    "name": "SB_TRANSFORM_TOPIC",
    "slotSetting": false,
    "value": "transform-topic-1619984878"
  },
  {
    "name": "SB_SEND_SUBSCRIPTION",
    "slotSetting": false,
    "value": "send-subscription-1619984878"
  },
  {
    "name": "SB_DISPATCH_SUBSCRIPTION",
    "slotSetting": false,
    "value": "dispatch-subscription-1619984878"
  },
  {
    "name": "SB_RECEIVE_SUBSCRIPTION",
    "slotSetting": false,
    "value": "receive-subscription-1619984878"
  }
]
[
  {
    "name": "MACHINEKEY_DecryptionKey",
    "slotSetting": false,
    "value": "06AB7F6A032A42A279793CCEF507567C75239BC000B80CC2553AC5537B276619"
  },
  {
    "name": "DOCKER_CUSTOM_IMAGE_NAME",
    "slotSetting": false,
    "value": "ammmiaacr1619984878.azurecr.io/ammmia-funcs:v1.0"
  },
  {
    "name": "FUNCTION_APP_EDIT_MODE",
    "slotSetting": false,
    "value": "readOnly"
  },
  {
    "name": "WEBSITES_ENABLE_APP_SERVICE_STORAGE",
    "slotSetting": false,
    "value": "false"
  },
  {
    "name": "FUNCTIONS_EXTENSION_VERSION",
    "slotSetting": false,
    "value": "~3"
  },
  {
    "name": "AzureWebJobsStorage",
    "slotSetting": false,
    "value": "DefaultEndpointsProtocol=https;EndpointSuffix=core.windows.net;AccountName=ammmiasa1619984878;AccountKey=y9wBPnvZPZmCGyg2vARLE40XY6ibQ4DzzqZRQO8zJ4g2ei6a4zmCAEk7phU4p08yWsewxGh9r/sxUVe1UK8Q7Q=="
  },
  {
    "name": "WEBSITE_CONTENTAZUREFILECONNECTIONSTRING",
    "slotSetting": false,
    "value": "DefaultEndpointsProtocol=https;EndpointSuffix=core.windows.net;AccountName=ammmiasa1619984878;AccountKey=y9wBPnvZPZmCGyg2vARLE40XY6ibQ4DzzqZRQO8zJ4g2ei6a4zmCAEk7phU4p08yWsewxGh9r/sxUVe1UK8Q7Q=="
  },
  {
    "name": "WEBSITE_CONTENTSHARE",
    "slotSetting": false,
    "value": "ammmia-fn-app-1619984878"
  },
  {
    "name": "APPINSIGHTS_INSTRUMENTATIONKEY",
    "slotSetting": false,
    "value": "184692cc-3dab-491d-aa20-92772e04f238"
  },
  {
    "name": "DOCKER_REGISTRY_SERVER_URL",
    "slotSetting": false,
    "value": "ammmiaacr1619984878.azurecr.io"
  },
  {
    "name": "DOCKER_REGISTRY_SERVER_USERNAME",
    "slotSetting": false,
    "value": "ammmiaacr1619984878"
  },
  {
    "name": "DOCKER_REGISTRY_SERVER_PASSWORD",
    "slotSetting": false,
    "value": null
  },
  {
    "name": "SB_CONNECTION_STRING",
    "slotSetting": false,
    "value": "Endpoint=sb://ammmia-sbns-1619984878.servicebus.windows.net/;SharedAccessKeyName=RootManageSharedAccessKey;SharedAccessKey=KyO3EOyzUMTT2ko6NL7r1eU2wrfPnwC6Wj3x/oqHxC0="
  },
  {
    "name": "SB_SEND_TOPIC",
    "slotSetting": false,
    "value": "send-topic-1619984878"
  },
  {
    "name": "SB_DISPATCH_TOPIC",
    "slotSetting": false,
    "value": "dispach-topic-1619984878"
  },
  {
    "name": "SB_RECEIVE_TOPIC",
    "slotSetting": false,
    "value": "receive-topic-1619984878"
  },
  {
    "name": "SB_PROCESS_TOPIC",
    "slotSetting": false,
    "value": "process-topic-1619984878"
  },
  {
    "name": "SB_TRANSFORM_TOPIC",
    "slotSetting": false,
    "value": "transform-topic-1619984878"
  },
  {
    "name": "SB_SEND_SUBSCRIPTION",
    "slotSetting": false,
    "value": "send-subscription-1619984878"
  },
  {
    "name": "SB_DISPATCH_SUBSCRIPTION",
    "slotSetting": false,
    "value": "dispatch-subscription-1619984878"
  },
  {
    "name": "SB_RECEIVE_SUBSCRIPTION",
    "slotSetting": false,
    "value": "receive-subscription-1619984878"
  },
  {
    "name": "SB_PROCESS_SUBSCRIPTION",
    "slotSetting": false,
    "value": "process-subscription-1619984878"
  }
]
[
  {
    "name": "MACHINEKEY_DecryptionKey",
    "slotSetting": false,
    "value": "06AB7F6A032A42A279793CCEF507567C75239BC000B80CC2553AC5537B276619"
  },
  {
    "name": "DOCKER_CUSTOM_IMAGE_NAME",
    "slotSetting": false,
    "value": "ammmiaacr1619984878.azurecr.io/ammmia-funcs:v1.0"
  },
  {
    "name": "FUNCTION_APP_EDIT_MODE",
    "slotSetting": false,
    "value": "readOnly"
  },
  {
    "name": "WEBSITES_ENABLE_APP_SERVICE_STORAGE",
    "slotSetting": false,
    "value": "false"
  },
  {
    "name": "FUNCTIONS_EXTENSION_VERSION",
    "slotSetting": false,
    "value": "~3"
  },
  {
    "name": "AzureWebJobsStorage",
    "slotSetting": false,
    "value": "DefaultEndpointsProtocol=https;EndpointSuffix=core.windows.net;AccountName=ammmiasa1619984878;AccountKey=y9wBPnvZPZmCGyg2vARLE40XY6ibQ4DzzqZRQO8zJ4g2ei6a4zmCAEk7phU4p08yWsewxGh9r/sxUVe1UK8Q7Q=="
  },
  {
    "name": "WEBSITE_CONTENTAZUREFILECONNECTIONSTRING",
    "slotSetting": false,
    "value": "DefaultEndpointsProtocol=https;EndpointSuffix=core.windows.net;AccountName=ammmiasa1619984878;AccountKey=y9wBPnvZPZmCGyg2vARLE40XY6ibQ4DzzqZRQO8zJ4g2ei6a4zmCAEk7phU4p08yWsewxGh9r/sxUVe1UK8Q7Q=="
  },
  {
    "name": "WEBSITE_CONTENTSHARE",
    "slotSetting": false,
    "value": "ammmia-fn-app-1619984878"
  },
  {
    "name": "APPINSIGHTS_INSTRUMENTATIONKEY",
    "slotSetting": false,
    "value": "184692cc-3dab-491d-aa20-92772e04f238"
  },
  {
    "name": "DOCKER_REGISTRY_SERVER_URL",
    "slotSetting": false,
    "value": "ammmiaacr1619984878.azurecr.io"
  },
  {
    "name": "DOCKER_REGISTRY_SERVER_USERNAME",
    "slotSetting": false,
    "value": "ammmiaacr1619984878"
  },
  {
    "name": "DOCKER_REGISTRY_SERVER_PASSWORD",
    "slotSetting": false,
    "value": null
  },
  {
    "name": "SB_CONNECTION_STRING",
    "slotSetting": false,
    "value": "Endpoint=sb://ammmia-sbns-1619984878.servicebus.windows.net/;SharedAccessKeyName=RootManageSharedAccessKey;SharedAccessKey=KyO3EOyzUMTT2ko6NL7r1eU2wrfPnwC6Wj3x/oqHxC0="
  },
  {
    "name": "SB_SEND_TOPIC",
    "slotSetting": false,
    "value": "send-topic-1619984878"
  },
  {
    "name": "SB_DISPATCH_TOPIC",
    "slotSetting": false,
    "value": "dispach-topic-1619984878"
  },
  {
    "name": "SB_RECEIVE_TOPIC",
    "slotSetting": false,
    "value": "receive-topic-1619984878"
  },
  {
    "name": "SB_PROCESS_TOPIC",
    "slotSetting": false,
    "value": "process-topic-1619984878"
  },
  {
    "name": "SB_TRANSFORM_TOPIC",
    "slotSetting": false,
    "value": "transform-topic-1619984878"
  },
  {
    "name": "SB_SEND_SUBSCRIPTION",
    "slotSetting": false,
    "value": "send-subscription-1619984878"
  },
  {
    "name": "SB_DISPATCH_SUBSCRIPTION",
    "slotSetting": false,
    "value": "dispatch-subscription-1619984878"
  },
  {
    "name": "SB_RECEIVE_SUBSCRIPTION",
    "slotSetting": false,
    "value": "receive-subscription-1619984878"
  },
  {
    "name": "SB_PROCESS_SUBSCRIPTION",
    "slotSetting": false,
    "value": "process-subscription-1619984878"
  },
  {
    "name": "SB_TRANSFORM_SUBSCRIPTION",
    "slotSetting": false,
    "value": "transform-subscription-1619984878"
  }
]
enabling function diagnostics: ammmia-fn-app-1619984878
{
  "applicationLogs": {
    "azureBlobStorage": {
      "level": "Off",
      "retentionInDays": null,
      "sasUrl": null
    },
    "azureTableStorage": {
      "level": "Off",
      "sasUrl": null
    },
    "fileSystem": {
      "level": "Verbose"
    }
  },
  "detailedErrorMessages": {
    "enabled": false
  },
  "failedRequestsTracing": {
    "enabled": false
  },
  "httpLogs": {
    "azureBlobStorage": {
      "enabled": false,
      "retentionInDays": 3,
      "sasUrl": null
    },
    "fileSystem": {
      "enabled": true,
      "retentionInDays": 3,
      "retentionInMb": 100
    }
  },
  "id": "/subscriptions/886b84e6-68e5-4a4d-8230-61235c4a2087/resourceGroups/ammmia-1619984878/providers/Microsoft.Web/sites/ammmia-fn-app-1619984878/config/logs",
  "kind": null,
  "location": "West Europe",
  "name": "logs",
  "resourceGroup": "ammmia-1619984878",
  "type": "Microsoft.Web/sites/config"
}
getting additionals settings from functions app: ammmia-fn-asp-1619984878
setting security for functions app: ammmia-fn-asp-1619984878
{
  "canDelegate": null,
  "condition": null,
  "conditionVersion": null,
  "description": null,
  "id": "/subscriptions/886b84e6-68e5-4a4d-8230-61235c4a2087/resourceGroups/ammmia-1619984878/providers/Microsoft.ContainerRegistry/registries/ammmiaacr1619984878/providers/Microsoft.Authorization/roleAssignments/62973a2d-0128-4949-bc9f-b62369f6473a",
  "name": "62973a2d-0128-4949-bc9f-b62369f6473a",
  "principalId": "28233427-ef6d-4322-a067-1cbec60d6351",
  "principalType": "ServicePrincipal",
  "resourceGroup": "ammmia-1619984878",
  "roleDefinitionId": "/subscriptions/886b84e6-68e5-4a4d-8230-61235c4a2087/providers/Microsoft.Authorization/roleDefinitions/7f951dda-4ed3-4680-a7ca-43fe172d538d",
  "scope": "/subscriptions/886b84e6-68e5-4a4d-8230-61235c4a2087/resourceGroups/ammmia-1619984878/providers/Microsoft.ContainerRegistry/registries/ammmiaacr1619984878",
  "type": "Microsoft.Authorization/roleAssignments"
}
saving configuration for in ammmia-1619984878
~/depot/github/ammmia/src/config ~/depot/github/ammmia/src/deploy
~/depot/github/ammmia/src/deploy
